WhereToPlay/app/build/outputs/logs/manifest-merger-debug-report.txt
-- Merging decision tree log ---
manifest
ADDED from src\main\AndroidManifest.xml:2:1-234:12
INJECTED from src\main\AndroidManifest.xml:2:1-234:12
INJECTED from src\main\AndroidManifest.xml:2:1-234:12
INJECTED from src\main\AndroidManifest.xml:2:1-234:12
MERGED from [com.android.databinding:adapters:1.3.1] AndroidManifest.xml:17:1-26:12
MERGED from [com.android.databinding:library:1.3.1] AndroidManifest.xml:17:1-26:12
MERGED from [:okhttputils] AndroidManifest.xml:2:1-11:12
MERGED from [com.sina.weibo.sdk:core:4.1.0] AndroidManifest.xml:2:1-42:12
MERGED from [com.android.support:multidex:1.0.2] AndroidManifest.xml:17:1-22:12
MERGED from [com.youth.banner:banner:1.4.10] AndroidManifest.xml:2:1-11:12
MERGED from [com.orhanobut:logger:1.15] AndroidManifest.xml:2:1-8:12
MERGED from [cn.finalteam:galleryfinal:1.4.8.7] AndroidManifest.xml:2:1-36:12
MERGED from [com.uwetrottmann.photoview:library:1.2.4] AndroidManifest.xml:2:1-11:12
MERGED from [cn.jiguang.sdk:jpush:3.0.8] AndroidManifest.xml:2:1-123:12
MERGED from [cn.jiguang.sdk:jcore:1.1.6] AndroidManifest.xml:2:1-14:12
MERGED from [com.zhy:percent-support-extends:1.1.1] AndroidManifest.xml:2:1-16:12
MERGED from [com.android.support.constraint:constraint-layout:1.0.2] AndroidManifest.xml:2:1-11:12
MERGED from [com.jakewharton:butterknife:8.8.1] AndroidManifest.xml:2:1-7:12
MERGED from [com.android.support:design:27.0.0] AndroidManifest.xml:17:1-22:12
MERGED from [com.android.support:recyclerview-v7:27.0.0] AndroidManifest.xml:17:1-22:12
MERGED from [com.android.support:transition:27.0.0] AndroidManifest.xml:17:1-22:12
MERGED from [com.qiyukf.unicorn:unicorn:3.11.1] AndroidManifest.xml:2:1-129:12
MERGED from [cn.finalteam:toolsfinal:1.1.5] AndroidManifest.xml:2:1-28:12
MERGED from [com.android.support:support-v4:27.0.0] AndroidManifest.xml:17:1-22:12
MERGED from [com.android.support:appcompat-v7:27.0.0] AndroidManifest.xml:17:1-22:12
MERGED from [com.android.support:support-fragment:27.0.0] AndroidManifest.xml:17:1-22:12
MERGED from [com.android.support:animated-vector-drawable:27.0.0] AndroidManifest.xml:17:1-22:12
MERGED from [com.android.support:support-core-ui:27.0.0] AndroidManifest.xml:17:1-22:12
MERGED from [com.android.support:support-media-compat:27.0.0] AndroidManifest.xml:17:1-22:12
MERGED from [com.android.support:support-core-utils:27.0.0] AndroidManifest.xml:17:1-22:12
MERGED from [com.android.support:support-vector-drawable:27.0.0] AndroidManifest.xml:17:1-22:12
MERGED from [com.android.support:support-compat:27.0.0] AndroidManifest.xml:17:1-22:12
MERGED from [io.reactivex:rxandroid:1.2.1] AndroidManifest.xml:15:1-21:12
MERGED from [com.artemzin.rxjava:proguard-rules:1.2.0.0] AndroidManifest.xml:2:1-10:12
MERGED from [android.arch.lifecycle:runtime:1.0.0] AndroidManifest.xml:17:1-30:12
INJECTED from src\main\AndroidManifest.xml:2:1-234:12
INJECTED from src\main\AndroidManifest.xml:2:1-234:12
INJECTED from src\main\AndroidManifest.xml:2:1-234:12
	package
		ADDED from src\main\AndroidManifest.xml:4:5-35
		INJECTED from src\main\AndroidManifest.xml
		INJECTED from src\main\AndroidManifest.xml
	android:versionName
		INJECTED from src\main\AndroidManifest.xml
		ADDED from src\main\AndroidManifest.xml:2:1-234:12
		INJECTED from src\main\AndroidManifest.xml
	xmlns:tools
		ADDED from src\main\AndroidManifest.xml:3:5-51
	android:versionCode
		INJECTED from src\main\AndroidManifest.xml
		ADDED from src\main\AndroidManifest.xml:2:1-234:12
		INJECTED from src\main\AndroidManifest.xml
	xmlns:android
		ADDED from src\main\AndroidManifest.xml:2:11-69
uses-permission#android.permission.INTERNET
ADDED from src\main\AndroidManifest.xml:17:5-67
MERGED from [cn.jiguang.sdk:jpush:3.0.8] AndroidManifest.xml:18:5-67
MERGED from [cn.jiguang.sdk:jpush:3.0.8] AndroidManifest.xml:18:5-67
MERGED from [com.qiyukf.unicorn:unicorn:3.11.1] AndroidManifest.xml:12:5-67
MERGED from [com.qiyukf.unicorn:unicorn:3.11.1] AndroidManifest.xml:12:5-67
	android:name
		ADDED from src\main\AndroidManifest.xml:17:22-64
uses-permission#android.permission.WRITE_EXTERNAL_STORAGE
ADDED from src\main\AndroidManifest.xml:18:5-81
MERGED from [cn.finalteam:galleryfinal:1.4.8.7] AndroidManifest.xml:14:5-81
MERGED from [cn.finalteam:galleryfinal:1.4.8.7] AndroidManifest.xml:14:5-81
MERGED from [cn.jiguang.sdk:jpush:3.0.8] AndroidManifest.xml:21:5-81
MERGED from [cn.jiguang.sdk:jpush:3.0.8] AndroidManifest.xml:21:5-81
MERGED from [com.qiyukf.unicorn:unicorn:3.11.1] AndroidManifest.xml:24:5-81
MERGED from [com.qiyukf.unicorn:unicorn:3.11.1] AndroidManifest.xml:24:5-81
MERGED from [cn.finalteam:toolsfinal:1.1.5] AndroidManifest.xml:14:5-81
MERGED from [cn.finalteam:toolsfinal:1.1.5] AndroidManifest.xml:14:5-81
	android:name
		ADDED from src\main\AndroidManifest.xml:18:22-78
uses-permission#android.permission.READ_EXTERNAL_STORAGE
ADDED from src\main\AndroidManifest.xml:19:5-80
MERGED from [cn.finalteam:galleryfinal:1.4.8.7] AndroidManifest.xml:16:5-80
MERGED from [cn.finalteam:galleryfinal:1.4.8.7] AndroidManifest.xml:16:5-80
MERGED from [cn.jiguang.sdk:jpush:3.0.8] AndroidManifest.xml:22:5-80
MERGED from [cn.jiguang.sdk:jpush:3.0.8] AndroidManifest.xml:22:5-80
MERGED from [com.qiyukf.unicorn:unicorn:3.11.1] AndroidManifest.xml:23:5-80
MERGED from [com.qiyukf.unicorn:unicorn:3.11.1] AndroidManifest.xml:23:5-80
MERGED from [cn.finalteam:toolsfinal:1.1.5] AndroidManifest.xml:16:5-80
MERGED from [cn.finalteam:toolsfinal:1.1.5] AndroidManifest.xml:16:5-80
	android:name
		ADDED from src\main\AndroidManifest.xml:19:22-77
uses-permission#android.permission.CAMERA
ADDED from src\main\AndroidManifest.xml:20:5-65
MERGED from [com.qiyukf.unicorn:unicorn:3.11.1] AndroidManifest.xml:27:5-65
MERGED from [com.qiyukf.unicorn:unicorn:3.11.1] AndroidManifest.xml:27:5-65
	android:name
		ADDED from src\main\AndroidManifest.xml:20:22-62
uses-permission#android.permission.ACCESS_NETWORK_STATE
ADDED from src\main\AndroidManifest.xml:21:5-79
MERGED from [cn.jiguang.sdk:jpush:3.0.8] AndroidManifest.xml:26:5-79
MERGED from [cn.jiguang.sdk:jpush:3.0.8] AndroidManifest.xml:26:5-79
MERGED from [com.qiyukf.unicorn:unicorn:3.11.1] AndroidManifest.xml:13:5-79
MERGED from [com.qiyukf.unicorn:unicorn:3.11.1] AndroidManifest.xml:13:5-79
MERGED from [cn.finalteam:toolsfinal:1.1.5] AndroidManifest.xml:24:5-79
MERGED from [cn.finalteam:toolsfinal:1.1.5] AndroidManifest.xml:24:5-79
	android:name
		ADDED from src\main\AndroidManifest.xml:21:22-76
uses-permission#android.permission.ACCESS_WIFI_STATE
ADDED from src\main\AndroidManifest.xml:22:5-76
MERGED from [cn.jiguang.sdk:jpush:3.0.8] AndroidManifest.xml:27:5-76
MERGED from [cn.jiguang.sdk:jpush:3.0.8] AndroidManifest.xml:27:5-76
MERGED from [com.qiyukf.unicorn:unicorn:3.11.1] AndroidManifest.xml:14:5-76
MERGED from [com.qiyukf.unicorn:unicorn:3.11.1] AndroidManifest.xml:14:5-76
MERGED from [cn.finalteam:toolsfinal:1.1.5] AndroidManifest.xml:20:5-76
MERGED from [cn.finalteam:toolsfinal:1.1.5] AndroidManifest.xml:20:5-76
	android:name
		ADDED from src\main\AndroidManifest.xml:22:22-73
uses-permission#android.permission.ACCESS_COARSE_LOCATION
ADDED from src\main\AndroidManifest.xml:24:5-81
MERGED from [cn.jiguang.sdk:jpush:3.0.8] AndroidManifest.xml:31:5-81
MERGED from [cn.jiguang.sdk:jpush:3.0.8] AndroidManifest.xml:31:5-81
	android:name
		ADDED from src\main\AndroidManifest.xml:24:22-78
uses-permission#android.permission.ACCESS_FINE_LOCATION
ADDED from src\main\AndroidManifest.xml:26:5-79
MERGED from [cn.jiguang.sdk:jpush:3.0.8] AndroidManifest.xml:33:5-79
MERGED from [cn.jiguang.sdk:jpush:3.0.8] AndroidManifest.xml:33:5-79
	android:name
		ADDED from src\main\AndroidManifest.xml:26:22-76
uses-permission#android.permission.CHANGE_WIFI_STATE
ADDED from src\main\AndroidManifest.xml:28:5-76
MERGED from [cn.jiguang.sdk:jpush:3.0.8] AndroidManifest.xml:32:5-76
MERGED from [cn.jiguang.sdk:jpush:3.0.8] AndroidManifest.xml:32:5-76
	android:name
		ADDED from src\main\AndroidManifest.xml:28:22-73
uses-permission#android.permission.READ_PHONE_STATE
ADDED from src\main\AndroidManifest.xml:30:5-75
MERGED from [cn.jiguang.sdk:jpush:3.0.8] AndroidManifest.xml:20:5-75
MERGED from [cn.jiguang.sdk:jpush:3.0.8] AndroidManifest.xml:20:5-75
MERGED from [cn.finalteam:toolsfinal:1.1.5] AndroidManifest.xml:18:5-75
MERGED from [cn.finalteam:toolsfinal:1.1.5] AndroidManifest.xml:18:5-75
	android:name
		ADDED from src\main\AndroidManifest.xml:30:22-72
uses-permission#android.permission.MOUNT_UNMOUNT_FILESYSTEMS
ADDED from src\main\AndroidManifest.xml:32:5-84
MERGED from [cn.finalteam:galleryfinal:1.4.8.7] AndroidManifest.xml:12:5-84
MERGED from [cn.finalteam:galleryfinal:1.4.8.7] AndroidManifest.xml:12:5-84
MERGED from [cn.jiguang.sdk:jpush:3.0.8] AndroidManifest.xml:25:5-84
MERGED from [cn.jiguang.sdk:jpush:3.0.8] AndroidManifest.xml:25:5-84
MERGED from [cn.finalteam:toolsfinal:1.1.5] AndroidManifest.xml:12:5-84
MERGED from [cn.finalteam:toolsfinal:1.1.5] AndroidManifest.xml:12:5-84
	android:name
		ADDED from src\main\AndroidManifest.xml:32:22-81
uses-permission#android.permission.ACCESS_LOCATION_EXTRA_COMMANDS
ADDED from src\main\AndroidManifest.xml:33:5-89
MERGED from [cn.jiguang.sdk:jpush:3.0.8] AndroidManifest.xml:34:5-89
MERGED from [cn.jiguang.sdk:jpush:3.0.8] AndroidManifest.xml:34:5-89
	android:name
		ADDED from src\main\AndroidManifest.xml:33:22-86
uses-permission#android.permission.GET_ACCOUNTS
ADDED from src\main\AndroidManifest.xml:34:5-71
	android:name
		ADDED from src\main\AndroidManifest.xml:34:22-68
uses-permission#android.permission.SET_DEBUG_APP
ADDED from src\main\AndroidManifest.xml:35:5-72
	android:name
		ADDED from src\main\AndroidManifest.xml:35:22-69
uses-permission#android.permission.SYSTEM_ALERT_WINDOW
ADDED from src\main\AndroidManifest.xml:36:5-78
MERGED from [cn.jiguang.sdk:jpush:3.0.8] AndroidManifest.xml:30:5-78
MERGED from [cn.jiguang.sdk:jpush:3.0.8] AndroidManifest.xml:30:5-78
	android:name
		ADDED from src\main\AndroidManifest.xml:36:22-75
uses-permission#android.permission.READ_LOGS
ADDED from src\main\AndroidManifest.xml:37:5-68
	android:name
		ADDED from src\main\AndroidManifest.xml:37:22-65
uses-permission#android.permission.CALL_PHONE
ADDED from src\main\AndroidManifest.xml:38:5-69
MERGED from [cn.finalteam:toolsfinal:1.1.5] AndroidManifest.xml:26:5-69
MERGED from [cn.finalteam:toolsfinal:1.1.5] AndroidManifest.xml:26:5-69
	android:name
		ADDED from src\main\AndroidManifest.xml:38:22-66
application
ADDED from src\main\AndroidManifest.xml:57:5-232:19
MERGED from [com.sina.weibo.sdk:core:4.1.0] AndroidManifest.xml:11:5-40:19
MERGED from [com.sina.weibo.sdk:core:4.1.0] AndroidManifest.xml:11:5-40:19
MERGED from [cn.finalteam:galleryfinal:1.4.8.7] AndroidManifest.xml:18:5-34:19
MERGED from [cn.finalteam:galleryfinal:1.4.8.7] AndroidManifest.xml:18:5-34:19
MERGED from [cn.jiguang.sdk:jpush:3.0.8] AndroidManifest.xml:37:5-121:19
MERGED from [cn.jiguang.sdk:jpush:3.0.8] AndroidManifest.xml:37:5-121:19
MERGED from [cn.jiguang.sdk:jcore:1.1.6] AndroidManifest.xml:11:5-12:19
MERGED from [cn.jiguang.sdk:jcore:1.1.6] AndroidManifest.xml:11:5-12:19
MERGED from [com.zhy:percent-support-extends:1.1.1] AndroidManifest.xml:11:5-14:19
MERGED from [com.zhy:percent-support-extends:1.1.1] AndroidManifest.xml:11:5-14:19
MERGED from [com.android.support.constraint:constraint-layout:1.0.2] AndroidManifest.xml:9:5-20
MERGED from [com.android.support.constraint:constraint-layout:1.0.2] AndroidManifest.xml:9:5-20
MERGED from [com.qiyukf.unicorn:unicorn:3.11.1] AndroidManifest.xml:37:5-127:19
MERGED from [com.qiyukf.unicorn:unicorn:3.11.1] AndroidManifest.xml:37:5-127:19
MERGED from [android.arch.lifecycle:runtime:1.0.0] AndroidManifest.xml:24:5-28:19
MERGED from [android.arch.lifecycle:runtime:1.0.0] AndroidManifest.xml:24:5-28:19
	android:supportsRtl
		ADDED from src\main\AndroidManifest.xml:62:9-35
	android:label
		ADDED from src\main\AndroidManifest.xml:61:9-41
	android:largeHeap
		ADDED from [cn.finalteam:galleryfinal:1.4.8.7] AndroidManifest.xml:20:9-33
	android:icon
		ADDED from src\main\AndroidManifest.xml:60:9-43
	android:allowBackup
		ADDED from src\main\AndroidManifest.xml:59:9-35
		REJECTED from [cn.finalteam:galleryfinal:1.4.8.7] AndroidManifest.xml:19:9-35
		REJECTED from [com.zhy:percent-support-extends:1.1.1] AndroidManifest.xml:12:9-35
	android:theme
		ADDED from src\main\AndroidManifest.xml:63:9-40
	tools:replace
		ADDED from src\main\AndroidManifest.xml:64:9-44
	android:name
		ADDED from src\main\AndroidManifest.xml:58:9-33
activity#com.fanc.wheretoplay.activity.LaunchActivity
ADDED from src\main\AndroidManifest.xml:65:9-74:20
	android:screenOrientation
		ADDED from src\main\AndroidManifest.xml:67:13-49
	android:theme
		ADDED from src\main\AndroidManifest.xml:68:13-49
	android:name
		ADDED from src\main\AndroidManifest.xml:66:13-52
intent-filter#android.intent.action.MAIN+android.intent.category.LAUNCHER
ADDED from src\main\AndroidManifest.xml:69:13-73:29
action#android.intent.action.MAIN
ADDED from src\main\AndroidManifest.xml:70:17-69
	android:name
		ADDED from src\main\AndroidManifest.xml:70:25-66
category#android.intent.category.LAUNCHER
ADDED from src\main\AndroidManifest.xml:72:17-77
	android:name
		ADDED from src\main\AndroidManifest.xml:72:27-74
activity#com.fanc.wheretoplay.activity.SignInActivity
ADDED from src\main\AndroidManifest.xml:75:9-77:52
	android:screenOrientation
		ADDED from src\main\AndroidManifest.xml:77:13-49
	android:name
		ADDED from src\main\AndroidManifest.xml:76:13-52
activity#com.fanc.wheretoplay.MainActivity
ADDED from src\main\AndroidManifest.xml:78:9-80:52
	android:screenOrientation
		ADDED from src\main\AndroidManifest.xml:80:13-49
	android:name
		ADDED from src\main\AndroidManifest.xml:79:13-41
activity#com.fanc.wheretoplay.activity.ReuseActivity
ADDED from src\main\AndroidManifest.xml:81:9-84:75
	android:screenOrientation
		ADDED from src\main\AndroidManifest.xml:83:13-49
	android:windowSoftInputMode
		ADDED from src\main\AndroidManifest.xml:84:13-72
	android:name
		ADDED from src\main\AndroidManifest.xml:82:13-51
activity#com.fanc.wheretoplay.activity.DownPaymentActivity
ADDED from src\main\AndroidManifest.xml:85:9-87:52
	android:screenOrientation
		ADDED from src\main\AndroidManifest.xml:87:13-49
	android:name
		ADDED from src\main\AndroidManifest.xml:86:13-57
activity#com.fanc.wheretoplay.activity.PayBillActivity
ADDED from src\main\AndroidManifest.xml:88:9-90:52
	android:screenOrientation
		ADDED from src\main\AndroidManifest.xml:90:13-49
	android:name
		ADDED from src\main\AndroidManifest.xml:89:13-53
activity#com.fanc.wheretoplay.activity.DetailActivity
ADDED from src\main\AndroidManifest.xml:91:9-94:75
	android:screenOrientation
		ADDED from src\main\AndroidManifest.xml:93:13-49
	android:windowSoftInputMode
		ADDED from src\main\AndroidManifest.xml:94:13-72
	android:name
		ADDED from src\main\AndroidManifest.xml:92:13-52
activity#com.fanc.wheretoplay.activity.SettingsActivity
ADDED from src\main\AndroidManifest.xml:95:9-97:52
	android:screenOrientation
		ADDED from src\main\AndroidManifest.xml:97:13-49
	android:name
		ADDED from src\main\AndroidManifest.xml:96:13-54
activity#com.fanc.wheretoplay.activity.AlterCityActivity
ADDED from src\main\AndroidManifest.xml:98:9-101:75
	android:screenOrientation
		ADDED from src\main\AndroidManifest.xml:100:13-49
	android:windowSoftInputMode
		ADDED from src\main\AndroidManifest.xml:101:13-72
	android:name
		ADDED from src\main\AndroidManifest.xml:99:13-55
activity#com.fanc.wheretoplay.activity.CheckCommentActivity
ADDED from src\main\AndroidManifest.xml:102:9-104:52
	android:screenOrientation
		ADDED from src\main\AndroidManifest.xml:104:13-49
	android:name
		ADDED from src\main\AndroidManifest.xml:103:13-58
activity#com.fanc.wheretoplay.activity.CheckCommentsActivity
ADDED from src\main\AndroidManifest.xml:106:9-109:72
	android:screenOrientation
		ADDED from src\main\AndroidManifest.xml:108:13-49
	android:windowSoftInputMode
		ADDED from src\main\AndroidManifest.xml:109:13-69
	android:name
		ADDED from src\main\AndroidManifest.xml:107:13-59
activity#com.fanc.wheretoplay.activity.LargeImageActivity
ADDED from src\main\AndroidManifest.xml:110:9-113:51
	android:screenOrientation
		ADDED from src\main\AndroidManifest.xml:112:13-49
	android:theme
		ADDED from src\main\AndroidManifest.xml:113:13-48
	android:name
		ADDED from src\main\AndroidManifest.xml:111:13-56
activity#com.fanc.wheretoplay.activity.WaiterPhotoActivity
ADDED from src\main\AndroidManifest.xml:114:9-116:52
	android:screenOrientation
		ADDED from src\main\AndroidManifest.xml:116:13-49
	android:name
		ADDED from src\main\AndroidManifest.xml:115:13-57
activity#com.alipay.sdk.app.H5PayActivity
ADDED from src\main\AndroidManifest.xml:122:9-128:20
	android:screenOrientation
		ADDED from src\main\AndroidManifest.xml:126:13-47
	android:windowSoftInputMode
		ADDED from src\main\AndroidManifest.xml:127:13-67
	android:exported
		ADDED from src\main\AndroidManifest.xml:125:13-37
	android:configChanges
		ADDED from src\main\AndroidManifest.xml:124:13-85
	android:name
		ADDED from src\main\AndroidManifest.xml:123:13-60
activity#com.alipay.sdk.app.H5AuthActivity
ADDED from src\main\AndroidManifest.xml:129:9-135:20
	android:screenOrientation
		ADDED from src\main\AndroidManifest.xml:133:13-47
	android:windowSoftInputMode
		ADDED from src\main\AndroidManifest.xml:134:13-67
	android:exported
		ADDED from src\main\AndroidManifest.xml:132:13-37
	android:configChanges
		ADDED from src\main\AndroidManifest.xml:131:13-74
	android:name
		ADDED from src\main\AndroidManifest.xml:130:13-61
activity#com.fanc.wheretoplay.wxapi.WXEntryActivity
ADDED from src\main\AndroidManifest.xml:138:9-152:20
	android:screenOrientation
		ADDED from src\main\AndroidManifest.xml:143:13-49
	android:launchMode
		ADDED from src\main\AndroidManifest.xml:142:13-43
	android:exported
		ADDED from src\main\AndroidManifest.xml:141:13-36
	android:configChanges
		ADDED from src\main\AndroidManifest.xml:140:13-74
	android:theme
		ADDED from src\main\AndroidManifest.xml:144:13-48
	android:name
		ADDED from src\main\AndroidManifest.xml:139:13-50
intent-filter#android.intent.action.VIEW+android.intent.category.DEFAULT
ADDED from src\main\AndroidManifest.xml:145:13-151:29
action#android.intent.action.VIEW
ADDED from src\main\AndroidManifest.xml:146:17-69
	android:name
		ADDED from src\main\AndroidManifest.xml:146:25-66
category#android.intent.category.DEFAULT
ADDED from src\main\AndroidManifest.xml:148:17-76
	android:name
		ADDED from src\main\AndroidManifest.xml:148:27-73
data
ADDED from src\main\AndroidManifest.xml:150:17-61
	android:scheme
		ADDED from src\main\AndroidManifest.xml:150:23-58
activity#com.fanc.wheretoplay.wxapi.WXPayEntryActivity
ADDED from src\main\AndroidManifest.xml:153:9-157:51
	android:launchMode
		ADDED from src\main\AndroidManifest.xml:156:13-43
	android:exported
		ADDED from src\main\AndroidManifest.xml:155:13-36
	android:theme
		ADDED from src\main\AndroidManifest.xml:157:13-48
	android:name
		ADDED from src\main\AndroidManifest.xml:154:13-53
activity#com.tencent.tauth.AuthActivity
ADDED from src\main\AndroidManifest.xml:160:9-170:20
	android:launchMode
		ADDED from src\main\AndroidManifest.xml:163:13-44
	android:noHistory
		ADDED from src\main\AndroidManifest.xml:162:13-37
	android:name
		ADDED from src\main\AndroidManifest.xml:161:13-58
intent-filter#android.intent.action.VIEW+android.intent.category.BROWSABLE+android.intent.category.DEFAULT
ADDED from src\main\AndroidManifest.xml:164:13-169:29
category#android.intent.category.BROWSABLE
ADDED from src\main\AndroidManifest.xml:167:17-78
	android:name
		ADDED from src\main\AndroidManifest.xml:167:27-75
activity#com.tencent.connect.common.AssistActivity
ADDED from src\main\AndroidManifest.xml:173:9-176:15
	android:configChanges
		ADDED from src\main\AndroidManifest.xml:175:13-74
	android:theme
		ADDED from src\main\AndroidManifest.xml:174:13-72
	android:name
		ADDED from src\main\AndroidManifest.xml:173:19-75
service#com.baidu.location.f
ADDED from src\main\AndroidManifest.xml:183:9-186:41
	android:process
		ADDED from src\main\AndroidManifest.xml:186:13-38
	android:enabled
		ADDED from src\main\AndroidManifest.xml:185:13-35
	android:name
		ADDED from src\main\AndroidManifest.xml:184:13-48
meta-data#com.baidu.lbsapi.API_KEY
ADDED from src\main\AndroidManifest.xml:188:9-190:64
	android:value
		ADDED from src\main\AndroidManifest.xml:190:13-61
	android:name
		ADDED from src\main\AndroidManifest.xml:189:13-52
service#com.fanc.wheretoplay.service.TinkerResultService
ADDED from src\main\AndroidManifest.xml:192:9-194:40
	android:exported
		ADDED from src\main\AndroidManifest.xml:194:13-37
	android:name
		ADDED from src\main\AndroidManifest.xml:193:13-56
activity#com.fanc.wheretoplay.activity.DiscoverImageActivity
ADDED from src\main\AndroidManifest.xml:196:9-68
	android:name
		ADDED from src\main\AndroidManifest.xml:196:19-65
activity#com.fanc.wheretoplay.activity.ListOrderActivity
ADDED from src\main\AndroidManifest.xml:197:9-64
	android:name
		ADDED from src\main\AndroidManifest.xml:197:19-61
activity#com.fanc.wheretoplay.activity.DetailsOrderActivity
ADDED from src\main\AndroidManifest.xml:198:9-67
	android:name
		ADDED from src\main\AndroidManifest.xml:198:19-64
activity#com.fanc.wheretoplay.activity.ShareActivity
ADDED from src\main\AndroidManifest.xml:199:9-210:20
	android:screenOrientation
		ADDED from src\main\AndroidManifest.xml:201:13-47
	android:theme
		ADDED from src\main\AndroidManifest.xml:202:13-72
	android:name
		ADDED from src\main\AndroidManifest.xml:200:13-51
intent-filter#android.intent.category.DEFAULT+com.sina.weibo.sdk.action.ACTION_SDK_REQ_ACTIVITY
ADDED from src\main\AndroidManifest.xml:205:13-209:29
action#com.sina.weibo.sdk.action.ACTION_SDK_REQ_ACTIVITY
ADDED from src\main\AndroidManifest.xml:206:17-92
	android:name
		ADDED from src\main\AndroidManifest.xml:206:25-89
activity#com.sina.weibo.sdk.component.WeiboSdkBrowser
ADDED from src\main\AndroidManifest.xml:211:9-215:58
	android:windowSoftInputMode
		ADDED from src\main\AndroidManifest.xml:215:13-55
	android:exported
		ADDED from src\main\AndroidManifest.xml:214:13-37
	android:configChanges
		ADDED from src\main\AndroidManifest.xml:213:13-63
	android:name
		ADDED from src\main\AndroidManifest.xml:212:13-72
meta-data#WEIBO_APPKEY
ADDED from src\main\AndroidManifest.xml:217:9-219:42
	android:value
		ADDED from src\main\AndroidManifest.xml:219:13-39
	android:name
		ADDED from src\main\AndroidManifest.xml:218:13-40
meta-data#WEIBO_CHANNEL
ADDED from src\main\AndroidManifest.xml:220:9-222:37
	android:value
		ADDED from src\main\AndroidManifest.xml:222:13-34
	android:name
		ADDED from src\main\AndroidManifest.xml:221:13-41
service#com.sina.weibo.sdk.net.DownloadService
ADDED from src\main\AndroidManifest.xml:224:9-226:40
	android:exported
		ADDED from src\main\AndroidManifest.xml:226:13-37
	android:name
		ADDED from src\main\AndroidManifest.xml:225:13-66
activity#com.fanc.wheretoplay.activity.PublicationEvaluationActivity
ADDED from src\main\AndroidManifest.xml:228:9-76
	android:name
		ADDED from src\main\AndroidManifest.xml:228:19-73
activity#com.fanc.wheretoplay.imagepink.ImageSelectorActivity
ADDED from src\main\AndroidManifest.xml:229:9-69
	android:name
		ADDED from src\main\AndroidManifest.xml:229:19-66
activity#com.fanc.wheretoplay.imagepink.ClipImageActivity
ADDED from src\main\AndroidManifest.xml:230:9-65
	android:name
		ADDED from src\main\AndroidManifest.xml:230:19-62
activity#com.fanc.wheretoplay.activity.OrderPayActivity
ADDED from src\main\AndroidManifest.xml:231:9-72
	android:name
		ADDED from src\main\AndroidManifest.xml:231:19-60
uses-sdk
INJECTED from src\main\AndroidManifest.xml reason: use-sdk injection requested
INJECTED from src\main\AndroidManifest.xml
INJECTED from src\main\AndroidManifest.xml
MERGED from [com.android.databinding:adapters:1.3.1] AndroidManifest.xml:22:5-24:41
MERGED from [com.android.databinding:adapters:1.3.1] AndroidManifest.xml:22:5-24:41
MERGED from [com.android.databinding:library:1.3.1] AndroidManifest.xml:22:5-24:41
MERGED from [com.android.databinding:library:1.3.1] AndroidManifest.xml:22:5-24:41
MERGED from [:okhttputils] AndroidManifest.xml:7:5-9:41
MERGED from [:okhttputils] AndroidManifest.xml:7:5-9:41
MERGED from [com.sina.weibo.sdk:core:4.1.0] AndroidManifest.xml:7:5-9:41
MERGED from [com.sina.weibo.sdk:core:4.1.0] AndroidManifest.xml:7:5-9:41
MERGED from [com.android.support:multidex:1.0.2] AndroidManifest.xml:20:5-43
MERGED from [com.android.support:multidex:1.0.2] AndroidManifest.xml:20:5-43
MERGED from [com.youth.banner:banner:1.4.10] AndroidManifest.xml:7:5-9:41
MERGED from [com.youth.banner:banner:1.4.10] AndroidManifest.xml:7:5-9:41
MERGED from [com.orhanobut:logger:1.15] AndroidManifest.xml:6:5-43
MERGED from [com.orhanobut:logger:1.15] AndroidManifest.xml:6:5-43
MERGED from [cn.finalteam:galleryfinal:1.4.8.7] AndroidManifest.xml:7:5-9:41
MERGED from [cn.finalteam:galleryfinal:1.4.8.7] AndroidManifest.xml:7:5-9:41
MERGED from [com.uwetrottmann.photoview:library:1.2.4] AndroidManifest.xml:7:5-9:41
MERGED from [com.uwetrottmann.photoview:library:1.2.4] AndroidManifest.xml:7:5-9:41
MERGED from [cn.jiguang.sdk:jpush:3.0.8] AndroidManifest.xml:7:5-9:41
MERGED from [cn.jiguang.sdk:jpush:3.0.8] AndroidManifest.xml:7:5-9:41
MERGED from [cn.jiguang.sdk:jcore:1.1.6] AndroidManifest.xml:7:5-9:41
MERGED from [cn.jiguang.sdk:jcore:1.1.6] AndroidManifest.xml:7:5-9:41
MERGED from [com.zhy:percent-support-extends:1.1.1] AndroidManifest.xml:7:5-9:41
MERGED from [com.zhy:percent-support-extends:1.1.1] AndroidManifest.xml:7:5-9:41
MERGED from [com.android.support.constraint:constraint-layout:1.0.2] AndroidManifest.xml:5:5-7:41
MERGED from [com.android.support.constraint:constraint-layout:1.0.2] AndroidManifest.xml:5:5-7:41
MERGED from [com.jakewharton:butterknife:8.8.1] AndroidManifest.xml:5:5-43
MERGED from [com.jakewharton:butterknife:8.8.1] AndroidManifest.xml:5:5-43
MERGED from [com.android.support:design:27.0.0] AndroidManifest.xml:20:5-44
MERGED from [com.android.support:design:27.0.0] AndroidManifest.xml:20:5-44
MERGED from [com.android.support:recyclerview-v7:27.0.0] AndroidManifest.xml:20:5-44
MERGED from [com.android.support:recyclerview-v7:27.0.0] AndroidManifest.xml:20:5-44
MERGED from [com.android.support:transition:27.0.0] AndroidManifest.xml:20:5-44
MERGED from [com.android.support:transition:27.0.0] AndroidManifest.xml:20:5-44
MERGED from [com.qiyukf.unicorn:unicorn:3.11.1] AndroidManifest.xml:7:5-9:41
MERGED from [com.qiyukf.unicorn:unicorn:3.11.1] AndroidManifest.xml:7:5-9:41
MERGED from [cn.finalteam:toolsfinal:1.1.5] AndroidManifest.xml:7:5-9:41
MERGED from [cn.finalteam:toolsfinal:1.1.5] AndroidManifest.xml:7:5-9:41
MERGED from [com.android.support:support-v4:27.0.0] AndroidManifest.xml:20:5-44
MERGED from [com.android.support:support-v4:27.0.0] AndroidManifest.xml:20:5-44
MERGED from [com.android.support:appcompat-v7:27.0.0] AndroidManifest.xml:20:5-44
MERGED from [com.android.support:appcompat-v7:27.0.0] AndroidManifest.xml:20:5-44
MERGED from [com.android.support:support-fragment:27.0.0] AndroidManifest.xml:20:5-44
MERGED from [com.android.support:support-fragment:27.0.0] AndroidManifest.xml:20:5-44
MERGED from [com.android.support:animated-vector-drawable:27.0.0] AndroidManifest.xml:20:5-44
MERGED from [com.android.support:animated-vector-drawable:27.0.0] AndroidManifest.xml:20:5-44
MERGED from [com.android.support:support-core-ui:27.0.0] AndroidManifest.xml:20:5-44
MERGED from [com.android.support:support-core-ui:27.0.0] AndroidManifest.xml:20:5-44
MERGED from [com.android.support:support-media-compat:27.0.0] AndroidManifest.xml:20:5-44
MERGED from [com.android.support:support-media-compat:27.0.0] AndroidManifest.xml:20:5-44
MERGED from [com.android.support:support-core-utils:27.0.0] AndroidManifest.xml:20:5-44
MERGED from [com.android.support:support-core-utils:27.0.0] AndroidManifest.xml:20:5-44
MERGED from [com.android.support:support-vector-drawable:27.0.0] AndroidManifest.xml:20:5-44
MERGED from [com.android.support:support-vector-drawable:27.0.0] AndroidManifest.xml:20:5-44
MERGED from [com.android.support:support-compat:27.0.0] AndroidManifest.xml:20:5-44
MERGED from [com.android.support:support-compat:27.0.0] AndroidManifest.xml:20:5-44
MERGED from [io.reactivex:rxandroid:1.2.1] AndroidManifest.xml:19:5-43
MERGED from [io.reactivex:rxandroid:1.2.1] AndroidManifest.xml:19:5-43
MERGED from [com.artemzin.rxjava:proguard-rules:1.2.0.0] AndroidManifest.xml:8:5-43
MERGED from [com.artemzin.rxjava:proguard-rules:1.2.0.0] AndroidManifest.xml:8:5-43
MERGED from [android.arch.lifecycle:runtime:1.0.0] AndroidManifest.xml:20:5-22:41
MERGED from [android.arch.lifecycle:runtime:1.0.0] AndroidManifest.xml:20:5-22:41
INJECTED from src\main\AndroidManifest.xml
INJECTED from src\main\AndroidManifest.xml
	android:targetSdkVersion
		INJECTED from src\main\AndroidManifest.xml
		ADDED from src\main\AndroidManifest.xml
		INJECTED from src\main\AndroidManifest.xml
	android:minSdkVersion
		INJECTED from src\main\AndroidManifest.xml
		ADDED from src\main\AndroidManifest.xml
		INJECTED from src\main\AndroidManifest.xml
activity#com.sina.weibo.sdk.web.WeiboSdkWebActivity
ADDED from [com.sina.weibo.sdk:core:4.1.0] AndroidManifest.xml:12:9-17:20
	android:windowSoftInputMode
		ADDED from [com.sina.weibo.sdk:core:4.1.0] AndroidManifest.xml:16:13-55
	android:exported
		ADDED from [com.sina.weibo.sdk:core:4.1.0] AndroidManifest.xml:15:13-37
	android:configChanges
		ADDED from [com.sina.weibo.sdk:core:4.1.0] AndroidManifest.xml:14:13-63
	android:name
		ADDED from [com.sina.weibo.sdk:core:4.1.0] AndroidManifest.xml:13:13-70
activity#com.sina.weibo.sdk.share.WbShareTransActivity
ADDED from [com.sina.weibo.sdk:core:4.1.0] AndroidManifest.xml:18:9-28:20
	android:launchMode
		ADDED from [com.sina.weibo.sdk:core:4.1.0] AndroidManifest.xml:21:13-44
	android:configChanges